DEBUG:minizinc:CLIDriver:run -> command: "/usr/local/bin/minizinc --allow-multiple-assignments --solvers-json --json-stream"
DEBUG:minizinc:CLIDriver:run -> command: "/usr/local/bin/minizinc --solver ortools@9.8.3296 --allow-multiple-assignments --model-interface-only attack.mzn --json-stream"
DEBUG:minizinc:CLIInstance:analyse -> output fields: [('objective', <class 'numbers.Number'>), ('inv_tkp', typing.List[typing.List[int]]), ('LANEU', typing.List[int]), ('DSTKU', typing.List[typing.List[int]]), ('DSTKL', typing.List[typing.List[int]]), ('DXU', typing.List[typing.List[int]]), ('DZU', typing.List[typing.List[int]]), ('DXL', typing.List[typing.List[int]]), ('DZL', typing.List[typing.List[int]]), ('P0', <class 'int'>), ('Pm', <class 'int'>), ('P1', <class 'int'>), ('Pr', <class 'int'>), ('_checker', <class 'str'>)]
DEBUG:asyncio:Using selector: EpollSelector
DEBUG:minizinc:CLIDriver:create_process -> program: /usr/local/bin/minizinc args: "--solver ortools@9.8.3296 --allow-multiple-assignments --output-mode json --output-time --output-objective --output-output-item --statistics --intermediate-solutions --parallel 8 --random-seed 51 -O 2 --time-limit 360000000 attack.mzn /tmp/mzn_dataq69vgk3k.json --json-stream"
INFO:gurobipy.gurobipy:Set parameter Username
INFO:gurobipy.gurobipy:Academic license - for non-commercial use only - expires 2024-06-10
INFO:gurobipy.gurobipy:Read LP format model from file SKINNY-64-128-12r.lp
INFO:gurobipy.gurobipy:Reading time = 0.12 seconds
INFO:gurobipy.gurobipy:: 16780 rows, 4672 columns, 63604 nonzeros
INFO:gurobipy.gurobipy:Set parameter TimeLimit to value 60
INFO:gurobipy.gurobipy:Gurobi Optimizer version 10.0.1 build v10.0.1rc0 (linux64)
INFO:gurobipy.gurobipy:
INFO:gurobipy.gurobipy:CPU model: 11th Gen Intel(R) Core(TM) i7-1165G7 @ 2.80GHz, instruction set [SSE2|AVX|AVX2|AVX512]
INFO:gurobipy.gurobipy:Thread count: 4 physical cores, 8 logical processors, using up to 8 threads
INFO:gurobipy.gurobipy:
INFO:gurobipy.gurobipy:Optimize a model with 16781 rows, 4672 columns and 63988 nonzeros
INFO:gurobipy.gurobipy:Model fingerprint: 0x12e4e901
INFO:gurobipy.gurobipy:Variable types: 0 continuous, 4672 integer (4672 binary)
INFO:gurobipy.gurobipy:Coefficient statistics:
INFO:gurobipy.gurobipy:  Matrix range     [1e+00, 4e+00]
INFO:gurobipy.gurobipy:  Objective range  [2e+00, 3e+00]
INFO:gurobipy.gurobipy:  Bounds range     [1e+00, 1e+00]
INFO:gurobipy.gurobipy:  RHS range        [1e+00, 4e+01]
INFO:gurobipy.gurobipy:Presolve removed 13576 rows and 4136 columns
INFO:gurobipy.gurobipy:Presolve time: 0.17s
INFO:gurobipy.gurobipy:Presolved: 3205 rows, 536 columns, 14653 nonzeros
INFO:gurobipy.gurobipy:Variable types: 0 continuous, 536 integer (536 binary)
INFO:gurobipy.gurobipy:Found heuristic solution: objective 163.0000000
INFO:gurobipy.gurobipy:
INFO:gurobipy.gurobipy:Root relaxation: objective 4.200000e+01, 720 iterations, 0.23 seconds (0.07 work units)
INFO:gurobipy.gurobipy:
INFO:gurobipy.gurobipy:    Nodes    |    Current Node    |     Objective Bounds      |     Work
INFO:gurobipy.gurobipy: Expl Unexpl |  Obj  Depth IntInf | Incumbent    BestBd   Gap | It/Node Time
INFO:gurobipy.gurobipy:
INFO:gurobipy.gurobipy:     0     0   42.00000    0  250  163.00000   42.00000  74.2%     -    0s
INFO:gurobipy.gurobipy:H    0     0                     131.0000000   42.00000  67.9%     -    0s
INFO:gurobipy.gurobipy:H    0     0                     130.0000000   42.00000  67.7%     -    1s
INFO:gurobipy.gurobipy:H    0     0                     128.0000000   42.00000  67.2%     -    1s
INFO:gurobipy.gurobipy:H    0     0                     109.0000000   42.00000  61.5%     -    1s
INFO:gurobipy.gurobipy:H    0     0                     108.0000000   42.00000  61.1%     -    1s
INFO:gurobipy.gurobipy:H    0     0                     107.0000000   42.00000  60.7%     -    1s
INFO:gurobipy.gurobipy:     0     0   42.00000    0  261  107.00000   42.00000  60.7%     -    1s
INFO:gurobipy.gurobipy:     0     0   42.00000    0  248  107.00000   42.00000  60.7%     -    1s
INFO:gurobipy.gurobipy:H    0     0                     106.0000000   42.00000  60.4%     -    3s
INFO:gurobipy.gurobipy:H    0     0                     105.0000000   42.00000  60.0%     -    3s
INFO:gurobipy.gurobipy:     0     0   42.00000    0  289  105.00000   42.00000  60.0%     -    3s
INFO:gurobipy.gurobipy:     0     0   42.00000    0  253  105.00000   42.00000  60.0%     -    3s
INFO:gurobipy.gurobipy:H    0     0                     104.0000000   42.00000  59.6%     -    4s
INFO:gurobipy.gurobipy:H    0     0                     103.0000000   42.00000  59.2%     -    4s
INFO:gurobipy.gurobipy:H    0     0                     100.0000000   42.00000  58.0%     -    4s
INFO:gurobipy.gurobipy:     0     0   42.00000    0  254  100.00000   42.00000  58.0%     -    4s
INFO:gurobipy.gurobipy:     0     0   42.00000    0  255  100.00000   42.00000  58.0%     -    4s
INFO:gurobipy.gurobipy:H    0     0                      98.0000000   42.00000  57.1%     -    5s
INFO:gurobipy.gurobipy:H    0     0                      96.0000000   42.00000  56.2%     -    5s
INFO:gurobipy.gurobipy:H    0     0                      95.0000000   42.00000  55.8%     -    5s
INFO:gurobipy.gurobipy:     0     0   42.00000    0  120   95.00000   42.00000  55.8%     -    5s
INFO:gurobipy.gurobipy:     0     0   42.00000    0  233   95.00000   42.00000  55.8%     -    5s
INFO:gurobipy.gurobipy:H    0     0                      94.0000000   42.00000  55.3%     -    6s
INFO:gurobipy.gurobipy:H    0     0                      93.0000000   42.00000  54.8%     -    6s
INFO:gurobipy.gurobipy:     0     0   42.00000    0  183   93.00000   42.00000  54.8%     -    6s
INFO:gurobipy.gurobipy:     0     0   42.00000    0  172   93.00000   42.00000  54.8%     -    6s
INFO:gurobipy.gurobipy:H    0     0                      87.0000000   42.00000  51.7%     -    6s
INFO:gurobipy.gurobipy:     0     0   42.00000    0  180   87.00000   42.00000  51.7%     -    6s
INFO:gurobipy.gurobipy:     0     0   42.00000    0  115   87.00000   42.00000  51.7%     -    6s
INFO:gurobipy.gurobipy:     0     2   42.00000    0  115   87.00000   42.00000  51.7%     -    7s
INFO:gurobipy.gurobipy:H   36    53                      86.0000000   42.00000  51.2%   142    7s
INFO:gurobipy.gurobipy:H 1180   809                      84.0000000   42.00000  50.0%  43.4   10s
INFO:gurobipy.gurobipy:H 1184   771                      81.0000000   42.00000  48.1%  43.2   12s
INFO:gurobipy.gurobipy:H 1190   736                      79.0000000   42.00000  46.8%  43.0   14s
INFO:gurobipy.gurobipy:H 1190   699                      78.0000000   42.00000  46.2%  43.0   14s
INFO:gurobipy.gurobipy:  1192   700   42.00000   18  335   78.00000   42.00000  46.2%  42.9   15s
INFO:gurobipy.gurobipy:
INFO:gurobipy.gurobipy:Cutting planes:
INFO:gurobipy.gurobipy:  Gomory: 11
INFO:gurobipy.gurobipy:  MIR: 41
INFO:gurobipy.gurobipy:  Flow cover: 167
INFO:gurobipy.gurobipy:  Inf proof: 12
INFO:gurobipy.gurobipy:  Zero half: 94
INFO:gurobipy.gurobipy:  RLT: 48
INFO:gurobipy.gurobipy:  BQP: 2
INFO:gurobipy.gurobipy:
INFO:gurobipy.gurobipy:Explored 1192 nodes (103023 simplex iterations) in 15.74 seconds (11.83 work units)
INFO:gurobipy.gurobipy:Thread count was 8 (of 8 available processors)
INFO:gurobipy.gurobipy:
INFO:gurobipy.gurobipy:Solution count 10: 78 79 81 ... 96
INFO:gurobipy.gurobipy:
INFO:gurobipy.gurobipy:Solve interrupted
INFO:gurobipy.gurobipy:Best objective 7.800000000000e+01, best bound 4.200000000000e+01, gap 46.1538%
INFO:gurobipy.gurobipy:Read LP format model from file SKINNY-64-128-2r.lp
INFO:gurobipy.gurobipy:Reading time = 0.00 seconds
INFO:gurobipy.gurobipy:: 2779 rows, 832 columns, 10640 nonzeros
INFO:gurobipy.gurobipy:Set parameter TimeLimit to value 60
INFO:gurobipy.gurobipy:Set parameter PoolSearchMode to value 2
INFO:gurobipy.gurobipy:Set parameter PoolSolutions to value 1
INFO:gurobipy.gurobipy:Read LP format model from file SKINNY-64-128-12r.lp
INFO:gurobipy.gurobipy:Reading time = 0.02 seconds
INFO:gurobipy.gurobipy:: 11088 rows, 3136 columns, 43680 nonzeros
INFO:gurobipy.gurobipy:Set parameter TimeLimit to value 60
INFO:gurobipy.gurobipy:Gurobi Optimizer version 10.0.1 build v10.0.1rc0 (linux64)
INFO:gurobipy.gurobipy:
INFO:gurobipy.gurobipy:CPU model: 11th Gen Intel(R) Core(TM) i7-1165G7 @ 2.80GHz, instruction set [SSE2|AVX|AVX2|AVX512]
INFO:gurobipy.gurobipy:Thread count: 4 physical cores, 8 logical processors, using up to 8 threads
INFO:gurobipy.gurobipy:
INFO:gurobipy.gurobipy:Optimize a model with 11089 rows, 3136 columns and 44064 nonzeros
INFO:gurobipy.gurobipy:Model fingerprint: 0x3deaf4eb
INFO:gurobipy.gurobipy:Variable types: 0 continuous, 3136 integer (3136 binary)
INFO:gurobipy.gurobipy:Coefficient statistics:
INFO:gurobipy.gurobipy:  Matrix range     [1e+00, 4e+00]
INFO:gurobipy.gurobipy:  Objective range  [2e+00, 4e+00]
INFO:gurobipy.gurobipy:  Bounds range     [1e+00, 1e+00]
INFO:gurobipy.gurobipy:  RHS range        [1e+00, 1e+01]
INFO:gurobipy.gurobipy:Presolve removed 6383 rows and 2284 columns
INFO:gurobipy.gurobipy:Presolve time: 0.05s
INFO:gurobipy.gurobipy:Presolved: 4706 rows, 852 columns, 20606 nonzeros
INFO:gurobipy.gurobipy:Variable types: 0 continuous, 852 integer (852 binary)
INFO:gurobipy.gurobipy:Found heuristic solution: objective 376.0000000
INFO:gurobipy.gurobipy:
INFO:gurobipy.gurobipy:Root relaxation: objective 0.000000e+00, 948 iterations, 0.07 seconds (0.09 work units)
INFO:gurobipy.gurobipy:
INFO:gurobipy.gurobipy:    Nodes    |    Current Node    |     Objective Bounds      |     Work
INFO:gurobipy.gurobipy: Expl Unexpl |  Obj  Depth IntInf | Incumbent    BestBd   Gap | It/Node Time
INFO:gurobipy.gurobipy:
INFO:gurobipy.gurobipy:     0     0    0.00000    0  228  376.00000    0.00000   100%     -    0s
INFO:gurobipy.gurobipy:H    0     0                     250.0000000    0.00000   100%     -    0s
INFO:gurobipy.gurobipy:     0     0    0.00000    0  265  250.00000    0.00000   100%     -    0s
INFO:gurobipy.gurobipy:     0     0    0.00000    0  267  250.00000    0.00000   100%     -    0s
INFO:gurobipy.gurobipy:H    0     0                     244.0000000    0.33333   100%     -    0s
INFO:gurobipy.gurobipy:     0     0    1.00000    0  164  244.00000    1.00000   100%     -    0s
INFO:gurobipy.gurobipy:H    0     0                     230.0000000    1.00000   100%     -    0s
INFO:gurobipy.gurobipy:H    0     0                     224.0000000    1.00000   100%     -    0s
INFO:gurobipy.gurobipy:     0     0    1.00000    0  245  224.00000    1.00000   100%     -    0s
INFO:gurobipy.gurobipy:     0     0    1.00000    0  257  224.00000    1.00000   100%     -    0s
INFO:gurobipy.gurobipy:     0     0    1.00000    0  252  224.00000    1.00000   100%     -    0s
INFO:gurobipy.gurobipy:     0     0    1.00000    0  323  224.00000    1.00000   100%     -    1s
INFO:gurobipy.gurobipy:H    0     0                     220.0000000    1.00000   100%     -    1s
INFO:gurobipy.gurobipy:     0     0    1.00000    0  295  220.00000    1.00000   100%     -    1s
INFO:gurobipy.gurobipy:     0     0    1.00000    0  274  220.00000    1.00000   100%     -    1s
INFO:gurobipy.gurobipy:     0     0    1.00000    0  253  220.00000    1.00000   100%     -    1s
INFO:gurobipy.gurobipy:     0     0    1.00000    0  270  220.00000    1.00000   100%     -    1s
INFO:gurobipy.gurobipy:     0     0    1.50000    0  330  220.00000    1.50000  99.3%     -    1s
INFO:gurobipy.gurobipy:H    0     0                     210.0000000    1.50000  99.3%     -    1s
INFO:gurobipy.gurobipy:     0     0    1.50000    0  297  210.00000    1.50000  99.3%     -    1s
INFO:gurobipy.gurobipy:     0     0    2.01164    0  329  210.00000    2.01164  99.0%     -    1s
INFO:gurobipy.gurobipy:     0     0    2.02985    0  319  210.00000    2.02985  99.0%     -    1s
INFO:gurobipy.gurobipy:     0     0    2.03061    0  315  210.00000    2.03061  99.0%     -    1s
INFO:gurobipy.gurobipy:     0     0          -    0       210.00000    2.03061  99.0%     -    1s
INFO:gurobipy.gurobipy:
INFO:gurobipy.gurobipy:Cutting planes:
INFO:gurobipy.gurobipy:  Gomory: 2
INFO:gurobipy.gurobipy:  MIR: 145
INFO:gurobipy.gurobipy:  Zero half: 17
INFO:gurobipy.gurobipy:  RLT: 2
INFO:gurobipy.gurobipy:
INFO:gurobipy.gurobipy:Explored 1 nodes (12210 simplex iterations) in 1.90 seconds (2.03 work units)
INFO:gurobipy.gurobipy:Thread count was 8 (of 8 available processors)
INFO:gurobipy.gurobipy:
INFO:gurobipy.gurobipy:Solution count 7: 210 220 224 ... 376
INFO:gurobipy.gurobipy:
INFO:gurobipy.gurobipy:Solve interrupted
INFO:gurobipy.gurobipy:Best objective 2.100000000000e+02, best bound 4.000000000000e+00, gap 98.0952%
INFO:gurobipy.gurobipy:Read LP format model from file SKINNY-64-128-2r.lp
INFO:gurobipy.gurobipy:Reading time = 0.00 seconds
INFO:gurobipy.gurobipy:: 1890 rows, 576 columns, 7424 nonzeros
INFO:gurobipy.gurobipy:Set parameter TimeLimit to value 60
INFO:gurobipy.gurobipy:Set parameter PoolSearchMode to value 2
INFO:gurobipy.gurobipy:Set parameter PoolSolutions to value 1
